<?xml version="1.0" encoding="UTF-8"?>
<testng-results skipped="0" failed="0" total="1" passed="1">
  <reporter-output>
  </reporter-output>
  <suite name="Default suite" duration-ms="30562" started-at="2020-04-24T06:37:42Z" finished-at="2020-04-24T06:38:13Z">
    <groups>
    </groups>
    <test name="Default test" duration-ms="30562" started-at="2020-04-24T06:37:42Z" finished-at="2020-04-24T06:38:13Z">
      <class name="maindemo.Newdemo">
        <test-method status="PASS" signature="testregistration()[pri:0, instance:maindemo.Newdemo@2a5ca609]" name="testregistration" duration-ms="30524" started-at="2020-04-24T12:07:42Z" finished-at="2020-04-24T12:08:13Z">
          <reporter-output>
          </reporter-output>
        </test-method> <!-- testregistration -->
      </class> <!-- maindemo.Newdemo -->
    </test> <!-- Default test -->
  </suite> <!-- Default suite -->
</testng-results>
